<?xml version="1.0" encoding="UTF-8"?>
<testsuites name="TS_Login_Landing_Signout" time="37.934" tests="3" failures="0" errors="0">
   <testsuite name="TS_Login_Landing_Signout" tests="3" failures="0" errors="0" time="37.934" skipped="0" timestamp="24-04-2024T18:47:58" hostname="VH427KA - IN3554302W1.ey.net" id="Test Suites/Jpet/TS_Login_Landing_Signout">
      <properties>
         <property name="deviceName" value=""/>
         <property name="devicePlatform" value=""/>
         <property name="logFolder" value="C:\\Users\\VH427KA\\git\\KatalonPractice1\\Reports\\20240424_184753\\Jpet\\TS_Login_Landing_Signout\\20240424_184754"/>
         <property name="logFiles" value="C:\\Users\\VH427KA\\git\\KatalonPractice1\\Reports\\20240424_184753\\Jpet\\TS_Login_Landing_Signout\\20240424_184754\\execution0.log"/>
         <property name="attachments" value=""/>
         <property name="hostName" value="VH427KA - IN3554302W1.ey.net"/>
         <property name="os" value="Windows 10 64bit"/>
         <property name="katalonVersion" value="9.4.0.212"/>
         <property name="browser" value="Edge Chromium 124"/>
         <property name="hostAddress" value="192.168.40.128"/>
         <property name="sessionId" value="d405c3606cecacd929aa4620a866e000"/>
         <property name="seleniumVersion" value="3.141.59"/>
         <property name="proxyInformation" value="ProxyInformation { proxyOption=NO_PROXY, proxyServerType=HTTP, username=, password=********, proxyServerAddress=, proxyServerPort=0, executionList=&quot;&quot;, isApplyToDesiredCapabilities=true }"/>
         <property name="platform" value="Windows 10"/>
      </properties>
      <testcase name="Test Cases/Jpet/JpetLogin" time="11.727" classname="Test Cases/Jpet/JpetLogin" status="PASSED">
         <system-out><![CDATA[24-04-2024T18:47:58 - [TEST_CASE][PASSED] - Test Cases/Jpet/JpetLogin: Test Cases/Jpet/JpetLogin

24-04-2024T18:47:59 - [TEST_STEP][PASSED] - openBrowser(""): Browser is opened with url: ''

24-04-2024T18:47:59 - [MESSAGE][INFO] - Starting 'Edge Chromium' driver

24-04-2024T18:48:02 - [MESSAGE][INFO] - Action delay is set to 0 milliseconds

24-04-2024T18:48:03 - [MESSAGE][PASSED] - Browser is opened with url: ''

24-04-2024T18:48:03 - [TEST_STEP][PASSED] - navigateToUrl("https://petstore.octoperf.com/"): Navigate to 'https://petstore.octoperf.com/' successfully

24-04-2024T18:48:04 - [MESSAGE][PASSED] - Navigate to 'https://petstore.octoperf.com/' successfully

24-04-2024T18:48:04 - [TEST_STEP][PASSED] - click(findTestObject("Object Repository/JpetLogin/Page_JPetStore Demo/a_Enter the Store")): Object: 'Object Repository/JpetLogin/Page_JPetStore Demo/a_Enter the Store' is clicked on

24-04-2024T18:48:06 - [MESSAGE][PASSED] - Object: 'Object Repository/JpetLogin/Page_JPetStore Demo/a_Enter the Store' is clicked on

24-04-2024T18:48:06 - [TEST_STEP][PASSED] - click(findTestObject("Object Repository/JpetLogin/Page_JPetStore Demo/a_Sign In")): Object: 'Object Repository/JpetLogin/Page_JPetStore Demo/a_Sign In' is clicked on

24-04-2024T18:48:07 - [MESSAGE][PASSED] - Object: 'Object Repository/JpetLogin/Page_JPetStore Demo/a_Sign In' is clicked on

24-04-2024T18:48:07 - [TEST_STEP][PASSED] - setText(findTestObject("Object Repository/JpetLogin/Page_JPetStore Demo/input_Need a user name and password_username"), "raj1"): Text 'raj1' is set on object 'Object Repository/JpetLogin/Page_JPetStore Demo/input_Need a user name and password_username'

24-04-2024T18:48:07 - [MESSAGE][PASSED] - Text 'raj1' is set on object 'Object Repository/JpetLogin/Page_JPetStore Demo/input_Need a user name and password_username'

24-04-2024T18:48:07 - [TEST_STEP][PASSED] - setEncryptedText(findTestObject("Object Repository/JpetLogin/Page_JPetStore Demo/input_Need a user name and password_password"), "qPDWtMYEx+8="): Text ****** has been set on object 'Object Repository/JpetLogin/Page_JPetStore Demo/input_Need a user name and password_password'

24-04-2024T18:48:08 - [MESSAGE][PASSED] - Text ****** has been set on object 'Object Repository/JpetLogin/Page_JPetStore Demo/input_Need a user name and password_password'

24-04-2024T18:48:08 - [TEST_STEP][PASSED] - click(findTestObject("Object Repository/JpetLogin/Page_JPetStore Demo/p_UsernamesetTimeout(function()tryvar zdocu_67db2e")): Object: 'Object Repository/JpetLogin/Page_JPetStore Demo/p_UsernamesetTimeout(function()tryvar zdocu_67db2e' is clicked on

24-04-2024T18:48:09 - [MESSAGE][PASSED] - Object: 'Object Repository/JpetLogin/Page_JPetStore Demo/p_UsernamesetTimeout(function()tryvar zdocu_67db2e' is clicked on

24-04-2024T18:48:09 - [TEST_STEP][PASSED] - setEncryptedText(findTestObject("Object Repository/JpetLogin/Page_JPetStore Demo/input_Need a user name and password_password"), "F1QkgKVvKLQ="): Text ****** has been set on object 'Object Repository/JpetLogin/Page_JPetStore Demo/input_Need a user name and password_password'

24-04-2024T18:48:09 - [MESSAGE][PASSED] - Text ****** has been set on object 'Object Repository/JpetLogin/Page_JPetStore Demo/input_Need a user name and password_password'

24-04-2024T18:48:09 - [TEST_STEP][PASSED] - click(findTestObject("Object Repository/JpetLogin/Page_JPetStore Demo/input_Need a user name and password_signon")): Object: 'Object Repository/JpetLogin/Page_JPetStore Demo/input_Need a user name and password_signon' is clicked on

24-04-2024T18:48:10 - [MESSAGE][PASSED] - Object: 'Object Repository/JpetLogin/Page_JPetStore Demo/input_Need a user name and password_signon' is clicked on

24-04-2024T18:48:10 - [TEST_STEP][PASSED] - verifyElementPresent(findTestObject("Object Repository/JpetLogin/Page_JPetStore Demo/div_Welcome raj1"), 0): Object 'Object Repository/JpetLogin/Page_JPetStore Demo/div_Welcome raj1' is present

24-04-2024T18:48:10 - [MESSAGE][WARNING] - Timeout '0' is invalid. Using default page load timeout: '30'

24-04-2024T18:48:10 - [MESSAGE][PASSED] - Object 'Object Repository/JpetLogin/Page_JPetStore Demo/div_Welcome raj1' is present]]></system-out>
         <system-err><![CDATA[]]></system-err>
      </testcase>
      <testcase name="Test Cases/Jpet/JpetLandingPage" time="13.705" classname="Test Cases/Jpet/JpetLandingPage" status="PASSED">
         <system-out><![CDATA[24-04-2024T18:48:10 - [TEST_CASE][PASSED] - Test Cases/Jpet/JpetLandingPage: Test Cases/Jpet/JpetLandingPage

24-04-2024T18:48:11 - [TEST_STEP][PASSED] - callTestCase(findTestCase("Jpet/JpetLogin"), [:], STOP_ON_FAILURE): Call Test Case 'Test Cases/Jpet/JpetLogin' successfully

24-04-2024T18:48:11 - [TEST_CASE][PASSED] - Test Cases/Jpet/JpetLogin: Test Cases/Jpet/JpetLogin

24-04-2024T18:48:11 - [TEST_STEP][PASSED] - openBrowser(""): Browser is opened with url: ''

24-04-2024T18:48:11 - [MESSAGE][WARNING] - A browser is already opened. Closing browser and opening a new one

24-04-2024T18:48:11 - [MESSAGE][INFO] - Starting 'Edge Chromium' driver

24-04-2024T18:48:14 - [MESSAGE][INFO] - Action delay is set to 0 milliseconds

24-04-2024T18:48:15 - [MESSAGE][PASSED] - Browser is opened with url: ''

24-04-2024T18:48:15 - [TEST_STEP][PASSED] - navigateToUrl("https://petstore.octoperf.com/"): Navigate to 'https://petstore.octoperf.com/' successfully

24-04-2024T18:48:16 - [MESSAGE][PASSED] - Navigate to 'https://petstore.octoperf.com/' successfully

24-04-2024T18:48:16 - [TEST_STEP][PASSED] - click(findTestObject("Object Repository/JpetLogin/Page_JPetStore Demo/a_Enter the Store")): Object: 'Object Repository/JpetLogin/Page_JPetStore Demo/a_Enter the Store' is clicked on

24-04-2024T18:48:17 - [MESSAGE][PASSED] - Object: 'Object Repository/JpetLogin/Page_JPetStore Demo/a_Enter the Store' is clicked on

24-04-2024T18:48:17 - [TEST_STEP][PASSED] - click(findTestObject("Object Repository/JpetLogin/Page_JPetStore Demo/a_Sign In")): Object: 'Object Repository/JpetLogin/Page_JPetStore Demo/a_Sign In' is clicked on

24-04-2024T18:48:18 - [MESSAGE][PASSED] - Object: 'Object Repository/JpetLogin/Page_JPetStore Demo/a_Sign In' is clicked on

24-04-2024T18:48:18 - [TEST_STEP][PASSED] - setText(findTestObject("Object Repository/JpetLogin/Page_JPetStore Demo/input_Need a user name and password_username"), "raj1"): Text 'raj1' is set on object 'Object Repository/JpetLogin/Page_JPetStore Demo/input_Need a user name and password_username'

24-04-2024T18:48:19 - [MESSAGE][PASSED] - Text 'raj1' is set on object 'Object Repository/JpetLogin/Page_JPetStore Demo/input_Need a user name and password_username'

24-04-2024T18:48:19 - [TEST_STEP][PASSED] - setEncryptedText(findTestObject("Object Repository/JpetLogin/Page_JPetStore Demo/input_Need a user name and password_password"), "qPDWtMYEx+8="): Text ****** has been set on object 'Object Repository/JpetLogin/Page_JPetStore Demo/input_Need a user name and password_password'

24-04-2024T18:48:19 - [MESSAGE][PASSED] - Text ****** has been set on object 'Object Repository/JpetLogin/Page_JPetStore Demo/input_Need a user name and password_password'

24-04-2024T18:48:19 - [TEST_STEP][PASSED] - click(findTestObject("Object Repository/JpetLogin/Page_JPetStore Demo/p_UsernamesetTimeout(function()tryvar zdocu_67db2e")): Object: 'Object Repository/JpetLogin/Page_JPetStore Demo/p_UsernamesetTimeout(function()tryvar zdocu_67db2e' is clicked on

24-04-2024T18:48:20 - [MESSAGE][PASSED] - Object: 'Object Repository/JpetLogin/Page_JPetStore Demo/p_UsernamesetTimeout(function()tryvar zdocu_67db2e' is clicked on

24-04-2024T18:48:20 - [TEST_STEP][PASSED] - setEncryptedText(findTestObject("Object Repository/JpetLogin/Page_JPetStore Demo/input_Need a user name and password_password"), "F1QkgKVvKLQ="): Text ****** has been set on object 'Object Repository/JpetLogin/Page_JPetStore Demo/input_Need a user name and password_password'

24-04-2024T18:48:20 - [MESSAGE][PASSED] - Text ****** has been set on object 'Object Repository/JpetLogin/Page_JPetStore Demo/input_Need a user name and password_password'

24-04-2024T18:48:20 - [TEST_STEP][PASSED] - click(findTestObject("Object Repository/JpetLogin/Page_JPetStore Demo/input_Need a user name and password_signon")): Object: 'Object Repository/JpetLogin/Page_JPetStore Demo/input_Need a user name and password_signon' is clicked on

24-04-2024T18:48:21 - [MESSAGE][PASSED] - Object: 'Object Repository/JpetLogin/Page_JPetStore Demo/input_Need a user name and password_signon' is clicked on

24-04-2024T18:48:21 - [TEST_STEP][PASSED] - verifyElementPresent(findTestObject("Object Repository/JpetLogin/Page_JPetStore Demo/div_Welcome raj1"), 0): Object 'Object Repository/JpetLogin/Page_JPetStore Demo/div_Welcome raj1' is present

24-04-2024T18:48:21 - [MESSAGE][WARNING] - Timeout '0' is invalid. Using default page load timeout: '30'

24-04-2024T18:48:21 - [MESSAGE][PASSED] - Object 'Object Repository/JpetLogin/Page_JPetStore Demo/div_Welcome raj1' is present

24-04-2024T18:48:21 - [MESSAGE][PASSED] - Call Test Case 'Test Cases/Jpet/JpetLogin' successfully

24-04-2024T18:48:21 - [TEST_STEP][PASSED] - verifyElementPresent(findTestObject("Object Repository/Jpet_LandingPage/Page_JPetStore Demo/img"), 0): Object 'Object Repository/Jpet_LandingPage/Page_JPetStore Demo/img' is present

24-04-2024T18:48:21 - [MESSAGE][WARNING] - Timeout '0' is invalid. Using default page load timeout: '30'

24-04-2024T18:48:22 - [MESSAGE][PASSED] - Object 'Object Repository/Jpet_LandingPage/Page_JPetStore Demo/img' is present

24-04-2024T18:48:22 - [TEST_STEP][PASSED] - verifyElementText(findTestObject("Object Repository/Jpet_LandingPage/Page_JPetStore Demo/div_Welcome raj1"), "Welcome raj1!"): Actual text and expected text of test object 'Object Repository/Jpet_LandingPage/Page_JPetStore Demo/div_Welcome raj1' are matched.

24-04-2024T18:48:22 - [MESSAGE][PASSED] - Actual text and expected text of test object 'Object Repository/Jpet_LandingPage/Page_JPetStore Demo/div_Welcome raj1' are matched.

24-04-2024T18:48:22 - [TEST_STEP][PASSED] - click(findTestObject("Object Repository/Jpet_LandingPage/Page_JPetStore Demo/a_Sign Out")): Object: 'Object Repository/Jpet_LandingPage/Page_JPetStore Demo/a_Sign Out' is clicked on

24-04-2024T18:48:23 - [MESSAGE][PASSED] - Object: 'Object Repository/Jpet_LandingPage/Page_JPetStore Demo/a_Sign Out' is clicked on

24-04-2024T18:48:23 - [TEST_STEP][PASSED] - navigateToUrl("https://petstore.octoperf.com/actions/Catalog.action"): Navigate to 'https://petstore.octoperf.com/actions/Catalog.action' successfully

24-04-2024T18:48:24 - [MESSAGE][PASSED] - Navigate to 'https://petstore.octoperf.com/actions/Catalog.action' successfully

24-04-2024T18:48:24 - [TEST_STEP][PASSED] - closeBrowser(): Browser is closed

24-04-2024T18:48:24 - [MESSAGE][PASSED] - Browser is closed]]></system-out>
         <system-err><![CDATA[]]></system-err>
      </testcase>
      <testcase name="Test Cases/Jpet/signout" time="12.301" classname="Test Cases/Jpet/signout" status="PASSED">
         <system-out><![CDATA[24-04-2024T18:48:24 - [TEST_CASE][PASSED] - Test Cases/Jpet/signout: Test Cases/Jpet/signout

24-04-2024T18:48:24 - [TEST_STEP][PASSED] - callTestCase(findTestCase("Jpet/Login"), [:], STOP_ON_FAILURE): Call Test Case 'Test Cases/Jpet/Login' successfully

24-04-2024T18:48:24 - [TEST_CASE][PASSED] - Test Cases/Jpet/Login: Test Cases/Jpet/Login

24-04-2024T18:48:24 - [TEST_STEP][PASSED] - openBrowser(""): Browser is opened with url: ''

24-04-2024T18:48:24 - [MESSAGE][INFO] - Starting 'Edge Chromium' driver

24-04-2024T18:48:27 - [MESSAGE][INFO] - Action delay is set to 0 milliseconds

24-04-2024T18:48:28 - [MESSAGE][PASSED] - Browser is opened with url: ''

24-04-2024T18:48:28 - [TEST_STEP][PASSED] - navigateToUrl("https://petstore.octoperf.com/"): Navigate to 'https://petstore.octoperf.com/' successfully

24-04-2024T18:48:29 - [MESSAGE][PASSED] - Navigate to 'https://petstore.octoperf.com/' successfully

24-04-2024T18:48:29 - [TEST_STEP][PASSED] - click(findTestObject("Object Repository/Pet_Login2/Page_JPetStore Demo/a_Enter the Store")): Object: 'Object Repository/Pet_Login2/Page_JPetStore Demo/a_Enter the Store' is clicked on

24-04-2024T18:48:30 - [MESSAGE][PASSED] - Object: 'Object Repository/Pet_Login2/Page_JPetStore Demo/a_Enter the Store' is clicked on

24-04-2024T18:48:30 - [TEST_STEP][PASSED] - click(findTestObject("Object Repository/Pet_Login2/Page_JPetStore Demo/a_Sign In")): Object: 'Object Repository/Pet_Login2/Page_JPetStore Demo/a_Sign In' is clicked on

24-04-2024T18:48:31 - [MESSAGE][PASSED] - Object: 'Object Repository/Pet_Login2/Page_JPetStore Demo/a_Sign In' is clicked on

24-04-2024T18:48:31 - [TEST_STEP][PASSED] - setText(findTestObject("Object Repository/Pet_Login2/Page_JPetStore Demo/input_Need a user name and password_username"), "raj"): Text 'raj' is set on object 'Object Repository/Pet_Login2/Page_JPetStore Demo/input_Need a user name and password_username'

24-04-2024T18:48:32 - [MESSAGE][PASSED] - Text 'raj' is set on object 'Object Repository/Pet_Login2/Page_JPetStore Demo/input_Need a user name and password_username'

24-04-2024T18:48:32 - [TEST_STEP][PASSED] - click(findTestObject("Object Repository/Pet_Login2/Page_JPetStore Demo/input_Need a user name and password_username")): Object: 'Object Repository/Pet_Login2/Page_JPetStore Demo/input_Need a user name and password_username' is clicked on

24-04-2024T18:48:32 - [MESSAGE][PASSED] - Object: 'Object Repository/Pet_Login2/Page_JPetStore Demo/input_Need a user name and password_username' is clicked on

24-04-2024T18:48:32 - [TEST_STEP][PASSED] - setEncryptedText(findTestObject("Object Repository/Pet_Login2/Page_JPetStore Demo/input_Need a user name and password_password"), "ZBez4TpO49Q="): Text ****** has been set on object 'Object Repository/Pet_Login2/Page_JPetStore Demo/input_Need a user name and password_password'

24-04-2024T18:48:33 - [MESSAGE][PASSED] - Text ****** has been set on object 'Object Repository/Pet_Login2/Page_JPetStore Demo/input_Need a user name and password_password'

24-04-2024T18:48:33 - [TEST_STEP][PASSED] - click(findTestObject("Object Repository/Pet_Login2/Page_JPetStore Demo/input_Need a user name and password_signon")): Object: 'Object Repository/Pet_Login2/Page_JPetStore Demo/input_Need a user name and password_signon' is clicked on

24-04-2024T18:48:33 - [MESSAGE][PASSED] - Object: 'Object Repository/Pet_Login2/Page_JPetStore Demo/input_Need a user name and password_signon' is clicked on

24-04-2024T18:48:33 - [MESSAGE][PASSED] - Call Test Case 'Test Cases/Jpet/Login' successfully

24-04-2024T18:48:33 - [TEST_STEP][PASSED] - rightClick(findTestObject("Object Repository/Pet_Signout/Page_JPetStore Demo/a_Sign Out")): Object: 'Object Repository/Pet_Signout/Page_JPetStore Demo/a_Sign Out' is right clicked on

24-04-2024T18:48:34 - [MESSAGE][PASSED] - Object: 'Object Repository/Pet_Signout/Page_JPetStore Demo/a_Sign Out' is right clicked on

24-04-2024T18:48:34 - [TEST_STEP][PASSED] - verifyElementPresent(findTestObject("Object Repository/Pet_Signout/Page_JPetStore Demo/a_Sign Out"), 0): Object 'Object Repository/Pet_Signout/Page_JPetStore Demo/a_Sign Out' is present

24-04-2024T18:48:34 - [MESSAGE][WARNING] - Timeout '0' is invalid. Using default page load timeout: '30'

24-04-2024T18:48:34 - [MESSAGE][PASSED] - Object 'Object Repository/Pet_Signout/Page_JPetStore Demo/a_Sign Out' is present

24-04-2024T18:48:34 - [TEST_STEP][PASSED] - verifyElementClickable(findTestObject("Object Repository/Pet_Signout/Page_JPetStore Demo/a_Sign Out")): Object 'Object Repository/Pet_Signout/Page_JPetStore Demo/a_Sign Out' is clickable

24-04-2024T18:48:35 - [MESSAGE][PASSED] - Object 'Object Repository/Pet_Signout/Page_JPetStore Demo/a_Sign Out' is clickable

24-04-2024T18:48:35 - [TEST_STEP][PASSED] - click(findTestObject("Object Repository/Pet_Signout/Page_JPetStore Demo/a_Sign Out")): Object: 'Object Repository/Pet_Signout/Page_JPetStore Demo/a_Sign Out' is clicked on

24-04-2024T18:48:36 - [MESSAGE][PASSED] - Object: 'Object Repository/Pet_Signout/Page_JPetStore Demo/a_Sign Out' is clicked on

24-04-2024T18:48:36 - [TEST_STEP][PASSED] - navigateToUrl("https://petstore.octoperf.com/actions/Catalog.action"): Navigate to 'https://petstore.octoperf.com/actions/Catalog.action' successfully

24-04-2024T18:48:36 - [MESSAGE][PASSED] - Navigate to 'https://petstore.octoperf.com/actions/Catalog.action' successfully

24-04-2024T18:48:36 - [TEST_STEP][PASSED] - closeBrowser(): Browser is closed

24-04-2024T18:48:36 - [MESSAGE][PASSED] - Browser is closed]]></system-out>
         <system-err><![CDATA[]]></system-err>
      </testcase>
      <system-out><![CDATA[24-04-2024T18:47:58 - [TEST_SUITE][PASSED] - TS_Login_Landing_Signout: Test Cases/Jpet/signout]]></system-out>
      <system-err><![CDATA[]]></system-err>
   </testsuite>
</testsuites>
